# JRE version: Java(TM) SE Runtime Environment (8.0_181-b13) (build 1.8.0_181-b13)
# Java VM: Java HotSpot(TM) Client VM (25.181-b13 mixed mode, sharing windows-x86 )
Heap:
 def new generation   total 16832K, used 3131K [0x03800000, 0x04a40000, 0x08d50000)
  eden space 14976K,  10% used [0x03800000, 0x03987f90, 0x046a0000)
  from space 1856K,  84% used [0x04870000, 0x049f6cf0, 0x04a40000)
  to   space 1856K,   0% used [0x046a0000, 0x046a0000, 0x04870000)
 tenured generation   total 37248K, used 31416K [0x08d50000, 0x0b1b0000, 0x13800000)
   the space 37248K,  84% used [0x08d50000, 0x0abfe120, 0x0abfe200, 0x0b1b0000)
 Metaspace       used 24579K, capacity 24885K, committed 24960K, reserved 24960K
GC Heap History (10 events):
Event: 22.695 GC heap before
{Heap before GC invocations=101 (full 3):
 def new generation   total 16832K, used 15740K [0x03800000, 0x04a40000, 0x08d50000)
  eden space 14976K, 100% used [0x03800000, 0x046a0000, 0x046a0000)
  from space 1856K,  41% used [0x046a0000, 0x0475f0b0, 0x04870000)
  to   space 1856K,   0% used [0x04870000, 0x04870000, 0x04a40000)
 tenured generation   total 37248K, used 30067K [0x08d50000, 0x0b1b0000, 0x13800000)
   the space 37248K,  80% used [0x08d50000, 0x0aaacd90, 0x0aaace00, 0x0b1b0000)
 Metaspace       used 22736K, capacity 23051K, committed 23168K, reserved 23936K
Event: 22.703 GC heap after
Heap after GC invocations=102 (full 3):
 def new generation   total 16832K, used 833K [0x03800000, 0x04a40000, 0x08d50000)
  eden space 14976K,   0% used [0x03800000, 0x03800000, 0x046a0000)
  from space 1856K,  44% used [0x04870000, 0x049406f8, 0x04a40000)
  to   space 1856K,   0% used [0x046a0000, 0x046a0000, 0x04870000)
 tenured generation   total 37248K, used 30067K [0x08d50000, 0x0b1b0000, 0x13800000)
   the space 37248K,  80% used [0x08d50000, 0x0aaacd90, 0x0aaace00, 0x0b1b0000)
 Metaspace       used 22736K, capacity 23051K, committed 23168K, reserved 23936K
}
Event: 22.846 GC heap before
{Heap before GC invocations=102 (full 3):
 def new generation   total 16832K, used 15809K [0x03800000, 0x04a40000, 0x08d50000)
  eden space 14976K, 100% used [0x03800000, 0x046a0000, 0x046a0000)
  from space 1856K,  44% used [0x04870000, 0x049406f8, 0x04a40000)
  to   space 1856K,   0% used [0x046a0000, 0x046a0000, 0x04870000)
 tenured generation   total 37248K, used 30067K [0x08d50000, 0x0b1b0000, 0x13800000)
   the space 37248K,  80% used [0x08d50000, 0x0aaacd90, 0x0aaace00, 0x0b1b0000)
 Metaspace       used 22736K, capacity 23051K, committed 23168K, reserved 23936K
Event: 22.859 GC heap after
Heap after GC invocations=103 (full 3):
 def new generation   total 16832K, used 1779K [0x03800000, 0x04a40000, 0x08d50000)
  eden space 14976K,   0% used [0x03800000, 0x03800000, 0x046a0000)
  from space 1856K,  95% used [0x046a0000, 0x0485cdb8, 0x04870000)
  to   space 1856K,   0% used [0x04870000, 0x04870000, 0x04a40000)
 tenured generation   total 37248K, used 30067K [0x08d50000, 0x0b1b0000, 0x13800000)
   the space 37248K,  80% used [0x08d50000, 0x0aaacd90, 0x0aaace00, 0x0b1b0000)
 Metaspace       used 22736K, capacity 23051K, committed 23168K, reserved 23936K
}
Event: 23.016 GC heap before
{Heap before GC invocations=103 (full 3):
 def new generation   total 16832K, used 16755K [0x03800000, 0x04a40000, 0x08d50000)
  eden space 14976K, 100% used [0x03800000, 0x046a0000, 0x046a0000)
  from space 1856K,  95% used [0x046a0000, 0x0485cdb8, 0x04870000)
  to   space 1856K,   0% used [0x04870000, 0x04870000, 0x04a40000)
 tenured generation   total 37248K, used 30067K [0x08d50000, 0x0b1b0000, 0x13800000)
   the space 37248K,  80% used [0x08d50000, 0x0aaacd90, 0x0aaace00, 0x0b1b0000)
 Metaspace       used 22736K, capacity 23051K, committed 23168K, reserved 23936K
Event: 23.023 GC heap after
Heap after GC invocations=104 (full 3):
 def new generation   total 16832K, used 55K [0x03800000, 0x04a40000, 0x08d50000)
  eden space 14976K,   0% used [0x03800000, 0x03800000, 0x046a0000)
  from space 1856K,   2% used [0x04870000, 0x0487dc28, 0x04a40000)
  to   space 1856K,   0% used [0x046a0000, 0x046a0000, 0x04870000)
 tenured generation   total 37248K, used 30848K [0x08d50000, 0x0b1b0000, 0x13800000)
   the space 37248K,  82% used [0x08d50000, 0x0ab701c0, 0x0ab70200, 0x0b1b0000)
 Metaspace       used 22736K, capacity 23051K, committed 23168K, reserved 23936K
}
Event: 87.859 GC heap before
{Heap before GC invocations=104 (full 3):
 def new generation   total 16832K, used 15031K [0x03800000, 0x04a40000, 0x08d50000)
  eden space 14976K, 100% used [0x03800000, 0x046a0000, 0x046a0000)
  from space 1856K,   2% used [0x04870000, 0x0487dc28, 0x04a40000)
  to   space 1856K,   0% used [0x046a0000, 0x046a0000, 0x04870000)
 tenured generation   total 37248K, used 30848K [0x08d50000, 0x0b1b0000, 0x13800000)
   the space 37248K,  82% used [0x08d50000, 0x0ab701c0, 0x0ab70200, 0x0b1b0000)
 Metaspace       used 23448K, capacity 23765K, committed 23808K, reserved 23936K
Event: 87.869 GC heap after
Heap after GC invocations=105 (full 3):
 def new generation   total 16832K, used 1179K [0x03800000, 0x04a40000, 0x08d50000)
  eden space 14976K,   0% used [0x03800000, 0x03800000, 0x046a0000)
  from space 1856K,  63% used [0x046a0000, 0x047c6c10, 0x04870000)
  to   space 1856K,   0% used [0x04870000, 0x04870000, 0x04a40000)
 tenured generation   total 37248K, used 30848K [0x08d50000, 0x0b1b0000, 0x13800000)
   the space 37248K,  82% used [0x08d50000, 0x0ab701c0, 0x0ab70200, 0x0b1b0000)
 Metaspace       used 23448K, capacity 23765K, committed 23808K, reserved 23936K
}
Event: 88.417 GC heap before
{Heap before GC invocations=105 (full 3):
 def new generation   total 16832K, used 16155K [0x03800000, 0x04a40000, 0x08d50000)
  eden space 14976K, 100% used [0x03800000, 0x046a0000, 0x046a0000)
  from space 1856K,  63% used [0x046a0000, 0x047c6c10, 0x04870000)
  to   space 1856K,   0% used [0x04870000, 0x04870000, 0x04a40000)
 tenured generation   total 37248K, used 30848K [0x08d50000, 0x0b1b0000, 0x13800000)
   the space 37248K,  82% used [0x08d50000, 0x0ab701c0, 0x0ab70200, 0x0b1b0000)
 Metaspace       used 24508K, capacity 24821K, committed 24832K, reserved 24960K
Event: 88.431 GC heap after
Heap after GC invocations=106 (full 3):
 def new generation   total 16832K, used 1563K [0x03800000, 0x04a40000, 0x08d50000)
  eden space 14976K,   0% used [0x03800000, 0x03800000, 0x046a0000)
  from space 1856K,  84% used [0x04870000, 0x049f6cf0, 0x04a40000)
  to   space 1856K,   0% used [0x046a0000, 0x046a0000, 0x04870000)
 tenured generation   total 37248K, used 31416K [0x08d50000, 0x0b1b0000, 0x13800000)
   the space 37248K,  84% used [0x08d50000, 0x0abfe120, 0x0abfe200, 0x0b1b0000)
 Metaspace       used 24508K, capacity 24821K, committed 24832K, reserved 24960K
}

